CRITICAL - 2022-10-28 18:07:20 --> Object of class CodeIgniter\HTTP\IncomingRequest could not be converted to string
#0 C:\xampp\htdocs\Ej4\system\CodeIgniter.php(832): App\Controllers\ControladorInicio->login()
#1 C:\xampp\htdocs\Ej4\system\CodeIgniter.php(419): CodeIgniter\CodeIgniter->runController(Object(App\Controllers\ControladorInicio))
#2 C:\xampp\htdocs\Ej4\system\CodeIgniter.php(326): CodeIgniter\CodeIgniter->handleRequest(NULL, Object(Config\Cache), false)
#3 C:\xampp\htdocs\Ej4\index.php(37): CodeIgniter\CodeIgniter->run()
#4 {main}
ERROR - 2022-10-28 18:08:54 --> Unknown column 'AgusCapo' in 'where clause'
CRITICAL - 2022-10-28 18:08:54 --> Unknown column 'AgusCapo' in 'where clause'
#0 C:\xampp\htdocs\Ej4\system\Database\MySQLi\Connection.php(292): mysqli->query('SELECT *FROM us...', 0)
#1 C:\xampp\htdocs\Ej4\system\Database\BaseConnection.php(670): CodeIgniter\Database\MySQLi\Connection->execute('SELECT *FROM us...')
#2 C:\xampp\htdocs\Ej4\system\Database\BaseConnection.php(598): CodeIgniter\Database\BaseConnection->simpleQuery('SELECT *FROM us...')
#3 C:\xampp\htdocs\Ej4\app\Models\UsuarioModel.php(64): CodeIgniter\Database\BaseConnection->query('SELECT *FROM us...')
#4 C:\xampp\htdocs\Ej4\app\Controllers\ControladorInicio.php(31): App\Models\UsuarioModel->obtenerUsuarioxNombre('AgusCapo', 'Cliente')
#5 C:\xampp\htdocs\Ej4\system\CodeIgniter.php(832): App\Controllers\ControladorInicio->login()
#6 C:\xampp\htdocs\Ej4\system\CodeIgniter.php(419): CodeIgniter\CodeIgniter->runController(Object(App\Controllers\ControladorInicio))
#7 C:\xampp\htdocs\Ej4\system\CodeIgniter.php(326): CodeIgniter\CodeIgniter->handleRequest(NULL, Object(Config\Cache), false)
#8 C:\xampp\htdocs\Ej4\index.php(37): CodeIgniter\CodeIgniter->run()
#9 {main}
CRITICAL - 2022-10-28 18:27:31 --> Undefined array key 0
#0 C:\xampp\htdocs\Ej4\app\Controllers\ControladorInicio.php(32): CodeIgniter\Debug\Exceptions->errorHandler(2, 'Undefined array...', 'C:\\xampp\\htdocs...', 32)
#1 C:\xampp\htdocs\Ej4\system\CodeIgniter.php(832): App\Controllers\ControladorInicio->login()
#2 C:\xampp\htdocs\Ej4\system\CodeIgniter.php(419): CodeIgniter\CodeIgniter->runController(Object(App\Controllers\ControladorInicio))
#3 C:\xampp\htdocs\Ej4\system\CodeIgniter.php(326): CodeIgniter\CodeIgniter->handleRequest(NULL, Object(Config\Cache), false)
#4 C:\xampp\htdocs\Ej4\index.php(37): CodeIgniter\CodeIgniter->run()
#5 {main}
CRITICAL - 2022-10-28 18:28:27 --> Undefined array key 0
#0 C:\xampp\htdocs\Ej4\app\Controllers\ControladorInicio.php(33): CodeIgniter\Debug\Exceptions->errorHandler(2, 'Undefined array...', 'C:\\xampp\\htdocs...', 33)
#1 C:\xampp\htdocs\Ej4\system\CodeIgniter.php(832): App\Controllers\ControladorInicio->login()
#2 C:\xampp\htdocs\Ej4\system\CodeIgniter.php(419): CodeIgniter\CodeIgniter->runController(Object(App\Controllers\ControladorInicio))
#3 C:\xampp\htdocs\Ej4\system\CodeIgniter.php(326): CodeIgniter\CodeIgniter->handleRequest(NULL, Object(Config\Cache), false)
#4 C:\xampp\htdocs\Ej4\index.php(37): CodeIgniter\CodeIgniter->run()
#5 {main}
CRITICAL - 2022-10-28 18:30:12 --> Undefined array key 0
#0 C:\xampp\htdocs\Ej4\app\Controllers\ControladorInicio.php(32): CodeIgniter\Debug\Exceptions->errorHandler(2, 'Undefined array...', 'C:\\xampp\\htdocs...', 32)
#1 C:\xampp\htdocs\Ej4\system\CodeIgniter.php(832): App\Controllers\ControladorInicio->login()
#2 C:\xampp\htdocs\Ej4\system\CodeIgniter.php(419): CodeIgniter\CodeIgniter->runController(Object(App\Controllers\ControladorInicio))
#3 C:\xampp\htdocs\Ej4\system\CodeIgniter.php(326): CodeIgniter\CodeIgniter->handleRequest(NULL, Object(Config\Cache), false)
#4 C:\xampp\htdocs\Ej4\index.php(37): CodeIgniter\CodeIgniter->run()
#5 {main}
CRITICAL - 2022-10-28 18:32:23 --> Undefined array key 0
#0 C:\xampp\htdocs\Ej4\app\Controllers\ControladorInicio.php(32): CodeIgniter\Debug\Exceptions->errorHandler(2, 'Undefined array...', 'C:\\xampp\\htdocs...', 32)
#1 C:\xampp\htdocs\Ej4\system\CodeIgniter.php(832): App\Controllers\ControladorInicio->login()
#2 C:\xampp\htdocs\Ej4\system\CodeIgniter.php(419): CodeIgniter\CodeIgniter->runController(Object(App\Controllers\ControladorInicio))
#3 C:\xampp\htdocs\Ej4\system\CodeIgniter.php(326): CodeIgniter\CodeIgniter->handleRequest(NULL, Object(Config\Cache), false)
#4 C:\xampp\htdocs\Ej4\index.php(37): CodeIgniter\CodeIgniter->run()
#5 {main}
CRITICAL - 2022-10-28 18:32:55 --> Undefined array key 0
#0 C:\xampp\htdocs\Ej4\app\Controllers\ControladorInicio.php(32): CodeIgniter\Debug\Exceptions->errorHandler(2, 'Undefined array...', 'C:\\xampp\\htdocs...', 32)
#1 C:\xampp\htdocs\Ej4\system\CodeIgniter.php(832): App\Controllers\ControladorInicio->login()
#2 C:\xampp\htdocs\Ej4\system\CodeIgniter.php(419): CodeIgniter\CodeIgniter->runController(Object(App\Controllers\ControladorInicio))
#3 C:\xampp\htdocs\Ej4\system\CodeIgniter.php(326): CodeIgniter\CodeIgniter->handleRequest(NULL, Object(Config\Cache), false)
#4 C:\xampp\htdocs\Ej4\index.php(37): CodeIgniter\CodeIgniter->run()
#5 {main}
CRITICAL - 2022-10-28 18:40:46 --> Call to a member function getResultArray() on array
#0 C:\xampp\htdocs\Ej4\system\CodeIgniter.php(832): App\Controllers\ControladorInicio->login()
#1 C:\xampp\htdocs\Ej4\system\CodeIgniter.php(419): CodeIgniter\CodeIgniter->runController(Object(App\Controllers\ControladorInicio))
#2 C:\xampp\htdocs\Ej4\system\CodeIgniter.php(326): CodeIgniter\CodeIgniter->handleRequest(NULL, Object(Config\Cache), false)
#3 C:\xampp\htdocs\Ej4\index.php(37): CodeIgniter\CodeIgniter->run()
#4 {main}
CRITICAL - 2022-10-28 18:44:34 --> Undefined array key 0
#0 C:\xampp\htdocs\Ej4\app\Controllers\ControladorInicio.php(32): CodeIgniter\Debug\Exceptions->errorHandler(2, 'Undefined array...', 'C:\\xampp\\htdocs...', 32)
#1 C:\xampp\htdocs\Ej4\system\CodeIgniter.php(832): App\Controllers\ControladorInicio->login()
#2 C:\xampp\htdocs\Ej4\system\CodeIgniter.php(419): CodeIgniter\CodeIgniter->runController(Object(App\Controllers\ControladorInicio))
#3 C:\xampp\htdocs\Ej4\system\CodeIgniter.php(326): CodeIgniter\CodeIgniter->handleRequest(NULL, Object(Config\Cache), false)
#4 C:\xampp\htdocs\Ej4\index.php(37): CodeIgniter\CodeIgniter->run()
#5 {main}
CRITICAL - 2022-10-28 18:44:51 --> Undefined array key 0
#0 C:\xampp\htdocs\Ej4\app\Controllers\ControladorInicio.php(32): CodeIgniter\Debug\Exceptions->errorHandler(2, 'Undefined array...', 'C:\\xampp\\htdocs...', 32)
#1 C:\xampp\htdocs\Ej4\system\CodeIgniter.php(832): App\Controllers\ControladorInicio->login()
#2 C:\xampp\htdocs\Ej4\system\CodeIgniter.php(419): CodeIgniter\CodeIgniter->runController(Object(App\Controllers\ControladorInicio))
#3 C:\xampp\htdocs\Ej4\system\CodeIgniter.php(326): CodeIgniter\CodeIgniter->handleRequest(NULL, Object(Config\Cache), false)
#4 C:\xampp\htdocs\Ej4\index.php(37): CodeIgniter\CodeIgniter->run()
#5 {main}
CRITICAL - 2022-10-28 19:17:11 --> Call to undefined method App\Models\UsuarioModel::obtenerUsuarioxNombre
#0 C:\xampp\htdocs\Ej4\app\Controllers\ControladorInicio.php(30): CodeIgniter\Model->__call('obtenerUsuariox...', Array)
#1 C:\xampp\htdocs\Ej4\system\CodeIgniter.php(832): App\Controllers\ControladorInicio->login()
#2 C:\xampp\htdocs\Ej4\system\CodeIgniter.php(419): CodeIgniter\CodeIgniter->runController(Object(App\Controllers\ControladorInicio))
#3 C:\xampp\htdocs\Ej4\system\CodeIgniter.php(326): CodeIgniter\CodeIgniter->handleRequest(NULL, Object(Config\Cache), false)
#4 C:\xampp\htdocs\Ej4\index.php(37): CodeIgniter\CodeIgniter->run()
#5 {main}
CRITICAL - 2022-10-28 19:26:00 --> Call to undefined method App\Models\UsuarioModel::obtenerUsuarioxNombre
#0 C:\xampp\htdocs\Ej4\app\Controllers\ControladorInicio.php(30): CodeIgniter\Model->__call('obtenerUsuariox...', Array)
#1 C:\xampp\htdocs\Ej4\system\CodeIgniter.php(832): App\Controllers\ControladorInicio->login()
#2 C:\xampp\htdocs\Ej4\system\CodeIgniter.php(419): CodeIgniter\CodeIgniter->runController(Object(App\Controllers\ControladorInicio))
#3 C:\xampp\htdocs\Ej4\system\CodeIgniter.php(326): CodeIgniter\CodeIgniter->handleRequest(NULL, Object(Config\Cache), false)
#4 C:\xampp\htdocs\Ej4\index.php(37): CodeIgniter\CodeIgniter->run()
#5 {main}
CRITICAL - 2022-10-28 21:53:44 --> Undefined array key "U_usuario"
#0 C:\xampp\htdocs\Ej4\app\Controllers\ControladorInicio.php(40): CodeIgniter\Debug\Exceptions->errorHandler(2, 'Undefined array...', 'C:\\xampp\\htdocs...', 40)
#1 C:\xampp\htdocs\Ej4\system\CodeIgniter.php(832): App\Controllers\ControladorInicio->login()
#2 C:\xampp\htdocs\Ej4\system\CodeIgniter.php(419): CodeIgniter\CodeIgniter->runController(Object(App\Controllers\ControladorInicio))
#3 C:\xampp\htdocs\Ej4\system\CodeIgniter.php(326): CodeIgniter\CodeIgniter->handleRequest(NULL, Object(Config\Cache), false)
#4 C:\xampp\htdocs\Ej4\index.php(37): CodeIgniter\CodeIgniter->run()
#5 {main}
CRITICAL - 2022-10-28 21:54:04 --> Array to string conversion
#0 C:\xampp\htdocs\Ej4\app\Controllers\ControladorInicio.php(40): CodeIgniter\Debug\Exceptions->errorHandler(2, 'Array to string...', 'C:\\xampp\\htdocs...', 40)
#1 C:\xampp\htdocs\Ej4\system\CodeIgniter.php(832): App\Controllers\ControladorInicio->login()
#2 C:\xampp\htdocs\Ej4\system\CodeIgniter.php(419): CodeIgniter\CodeIgniter->runController(Object(App\Controllers\ControladorInicio))
#3 C:\xampp\htdocs\Ej4\system\CodeIgniter.php(326): CodeIgniter\CodeIgniter->handleRequest(NULL, Object(Config\Cache), false)
#4 C:\xampp\htdocs\Ej4\index.php(37): CodeIgniter\CodeIgniter->run()
#5 {main}
CRITICAL - 2022-10-28 21:55:07 --> Array to string conversion
#0 C:\xampp\htdocs\Ej4\app\Controllers\ControladorInicio.php(40): CodeIgniter\Debug\Exceptions->errorHandler(2, 'Array to string...', 'C:\\xampp\\htdocs...', 40)
#1 C:\xampp\htdocs\Ej4\system\CodeIgniter.php(832): App\Controllers\ControladorInicio->login()
#2 C:\xampp\htdocs\Ej4\system\CodeIgniter.php(419): CodeIgniter\CodeIgniter->runController(Object(App\Controllers\ControladorInicio))
#3 C:\xampp\htdocs\Ej4\system\CodeIgniter.php(326): CodeIgniter\CodeIgniter->handleRequest(NULL, Object(Config\Cache), false)
#4 C:\xampp\htdocs\Ej4\index.php(37): CodeIgniter\CodeIgniter->run()
#5 {main}
CRITICAL - 2022-10-28 21:58:16 --> Array to string conversion
#0 C:\xampp\htdocs\Ej4\app\Controllers\ControladorInicio.php(40): CodeIgniter\Debug\Exceptions->errorHandler(2, 'Array to string...', 'C:\\xampp\\htdocs...', 40)
#1 C:\xampp\htdocs\Ej4\system\CodeIgniter.php(832): App\Controllers\ControladorInicio->login()
#2 C:\xampp\htdocs\Ej4\system\CodeIgniter.php(419): CodeIgniter\CodeIgniter->runController(Object(App\Controllers\ControladorInicio))
#3 C:\xampp\htdocs\Ej4\system\CodeIgniter.php(326): CodeIgniter\CodeIgniter->handleRequest(NULL, Object(Config\Cache), false)
#4 C:\xampp\htdocs\Ej4\index.php(37): CodeIgniter\CodeIgniter->run()
#5 {main}
CRITICAL - 2022-10-28 22:00:46 --> Array to string conversion
#0 C:\xampp\htdocs\Ej4\app\Controllers\ControladorInicio.php(41): CodeIgniter\Debug\Exceptions->errorHandler(2, 'Array to string...', 'C:\\xampp\\htdocs...', 41)
#1 C:\xampp\htdocs\Ej4\system\CodeIgniter.php(832): App\Controllers\ControladorInicio->login()
#2 C:\xampp\htdocs\Ej4\system\CodeIgniter.php(419): CodeIgniter\CodeIgniter->runController(Object(App\Controllers\ControladorInicio))
#3 C:\xampp\htdocs\Ej4\system\CodeIgniter.php(326): CodeIgniter\CodeIgniter->handleRequest(NULL, Object(Config\Cache), false)
#4 C:\xampp\htdocs\Ej4\index.php(37): CodeIgniter\CodeIgniter->run()
#5 {main}
CRITICAL - 2022-10-28 22:00:56 --> Array to string conversion
#0 C:\xampp\htdocs\Ej4\app\Controllers\ControladorInicio.php(41): CodeIgniter\Debug\Exceptions->errorHandler(2, 'Array to string...', 'C:\\xampp\\htdocs...', 41)
#1 C:\xampp\htdocs\Ej4\system\CodeIgniter.php(832): App\Controllers\ControladorInicio->login()
#2 C:\xampp\htdocs\Ej4\system\CodeIgniter.php(419): CodeIgniter\CodeIgniter->runController(Object(App\Controllers\ControladorInicio))
#3 C:\xampp\htdocs\Ej4\system\CodeIgniter.php(326): CodeIgniter\CodeIgniter->handleRequest(NULL, Object(Config\Cache), false)
#4 C:\xampp\htdocs\Ej4\index.php(37): CodeIgniter\CodeIgniter->run()
#5 {main}
CRITICAL - 2022-10-28 22:18:12 --> Array to string conversion
#0 C:\xampp\htdocs\Ej4\app\Controllers\ControladorInicio.php(41): CodeIgniter\Debug\Exceptions->errorHandler(2, 'Array to string...', 'C:\\xampp\\htdocs...', 41)
#1 C:\xampp\htdocs\Ej4\system\CodeIgniter.php(832): App\Controllers\ControladorInicio->login()
#2 C:\xampp\htdocs\Ej4\system\CodeIgniter.php(419): CodeIgniter\CodeIgniter->runController(Object(App\Controllers\ControladorInicio))
#3 C:\xampp\htdocs\Ej4\system\CodeIgniter.php(326): CodeIgniter\CodeIgniter->handleRequest(NULL, Object(Config\Cache), false)
#4 C:\xampp\htdocs\Ej4\index.php(37): CodeIgniter\CodeIgniter->run()
#5 {main}
CRITICAL - 2022-10-28 22:18:26 --> Array to string conversion
#0 C:\xampp\htdocs\Ej4\app\Controllers\ControladorInicio.php(41): CodeIgniter\Debug\Exceptions->errorHandler(2, 'Array to string...', 'C:\\xampp\\htdocs...', 41)
#1 C:\xampp\htdocs\Ej4\system\CodeIgniter.php(832): App\Controllers\ControladorInicio->login()
#2 C:\xampp\htdocs\Ej4\system\CodeIgniter.php(419): CodeIgniter\CodeIgniter->runController(Object(App\Controllers\ControladorInicio))
#3 C:\xampp\htdocs\Ej4\system\CodeIgniter.php(326): CodeIgniter\CodeIgniter->handleRequest(NULL, Object(Config\Cache), false)
#4 C:\xampp\htdocs\Ej4\index.php(37): CodeIgniter\CodeIgniter->run()
#5 {main}
CRITICAL - 2022-10-28 22:27:22 --> Array to string conversion
#0 C:\xampp\htdocs\Ej4\app\Controllers\ControladorInicio.php(63): CodeIgniter\Debug\Exceptions->errorHandler(2, 'Array to string...', 'C:\\xampp\\htdocs...', 63)
#1 C:\xampp\htdocs\Ej4\system\CodeIgniter.php(832): App\Controllers\ControladorInicio->login()
#2 C:\xampp\htdocs\Ej4\system\CodeIgniter.php(419): CodeIgniter\CodeIgniter->runController(Object(App\Controllers\ControladorInicio))
#3 C:\xampp\htdocs\Ej4\system\CodeIgniter.php(326): CodeIgniter\CodeIgniter->handleRequest(NULL, Object(Config\Cache), false)
#4 C:\xampp\htdocs\Ej4\index.php(37): CodeIgniter\CodeIgniter->run()
#5 {main}
