CRITICAL - 2022-10-21 16:13:31 --> Invalid file: comunidadBancaria/header.php
#0 C:\xampp\htdocs\Ej4\system\View\View.php(198): CodeIgniter\Exceptions\FrameworkException::forInvalidFile('comunidadBancar...')
#1 C:\xampp\htdocs\Ej4\system\Common.php(1089): CodeIgniter\View\View->render('comunidadBancar...', Array, true)
#2 C:\xampp\htdocs\Ej4\app\Controllers\ControladorInicio.php(10): view('comunidadBancar...')
#3 C:\xampp\htdocs\Ej4\system\CodeIgniter.php(832): App\Controllers\ControladorInicio->index()
#4 C:\xampp\htdocs\Ej4\system\CodeIgniter.php(419): CodeIgniter\CodeIgniter->runController(Object(App\Controllers\ControladorInicio))
#5 C:\xampp\htdocs\Ej4\system\CodeIgniter.php(326): CodeIgniter\CodeIgniter->handleRequest(NULL, Object(Config\Cache), false)
#6 C:\xampp\htdocs\Ej4\index.php(37): CodeIgniter\CodeIgniter->run()
#7 {main}
CRITICAL - 2022-10-21 16:16:50 --> Invalid file: comunidadBancaria/header.php
#0 C:\xampp\htdocs\Ej4\system\View\View.php(198): CodeIgniter\Exceptions\FrameworkException::forInvalidFile('comunidadBancar...')
#1 C:\xampp\htdocs\Ej4\system\Common.php(1089): CodeIgniter\View\View->render('comunidadBancar...', Array, true)
#2 C:\xampp\htdocs\Ej4\app\Controllers\ControladorInicio.php(10): view('comunidadBancar...')
#3 C:\xampp\htdocs\Ej4\system\CodeIgniter.php(832): App\Controllers\ControladorInicio->index()
#4 C:\xampp\htdocs\Ej4\system\CodeIgniter.php(419): CodeIgniter\CodeIgniter->runController(Object(App\Controllers\ControladorInicio))
#5 C:\xampp\htdocs\Ej4\system\CodeIgniter.php(326): CodeIgniter\CodeIgniter->handleRequest(NULL, Object(Config\Cache), false)
#6 C:\xampp\htdocs\Ej4\index.php(37): CodeIgniter\CodeIgniter->run()
#7 {main}
CRITICAL - 2022-10-21 16:25:13 --> Invalid file: comunidadBancaria/headerBanco.php
#0 C:\xampp\htdocs\Ej4\system\View\View.php(198): CodeIgniter\Exceptions\FrameworkException::forInvalidFile('comunidadBancar...')
#1 C:\xampp\htdocs\Ej4\system\Common.php(1089): CodeIgniter\View\View->render('comunidadBancar...', Array, true)
#2 C:\xampp\htdocs\Ej4\app\Controllers\ControladorInicio.php(10): view('comunidadBancar...')
#3 C:\xampp\htdocs\Ej4\system\CodeIgniter.php(832): App\Controllers\ControladorInicio->index()
#4 C:\xampp\htdocs\Ej4\system\CodeIgniter.php(419): CodeIgniter\CodeIgniter->runController(Object(App\Controllers\ControladorInicio))
#5 C:\xampp\htdocs\Ej4\system\CodeIgniter.php(326): CodeIgniter\CodeIgniter->handleRequest(NULL, Object(Config\Cache), false)
#6 C:\xampp\htdocs\Ej4\index.php(37): CodeIgniter\CodeIgniter->run()
#7 {main}
