CRITICAL - 2022-10-23 10:32:55 --> Object of class CodeIgniter\Database\MySQLi\Result could not be converted to string
#0 C:\xampp\htdocs\Ej4\system\CodeIgniter.php(832): App\Controllers\Banco->cargaBanco()
#1 C:\xampp\htdocs\Ej4\system\CodeIgniter.php(419): CodeIgniter\CodeIgniter->runController(Object(App\Controllers\Banco))
#2 C:\xampp\htdocs\Ej4\system\CodeIgniter.php(326): CodeIgniter\CodeIgniter->handleRequest(NULL, Object(Config\Cache), false)
#3 C:\xampp\htdocs\Ej4\index.php(37): CodeIgniter\CodeIgniter->run()
#4 {main}
CRITICAL - 2022-10-23 10:40:48 --> Cannot use object of type CodeIgniter\Database\MySQLi\Result as array
#0 C:\xampp\htdocs\Ej4\system\CodeIgniter.php(832): App\Controllers\Banco->cargaBanco()
#1 C:\xampp\htdocs\Ej4\system\CodeIgniter.php(419): CodeIgniter\CodeIgniter->runController(Object(App\Controllers\Banco))
#2 C:\xampp\htdocs\Ej4\system\CodeIgniter.php(326): CodeIgniter\CodeIgniter->handleRequest(NULL, Object(Config\Cache), false)
#3 C:\xampp\htdocs\Ej4\index.php(37): CodeIgniter\CodeIgniter->run()
#4 {main}
CRITICAL - 2022-10-23 10:44:26 --> Cannot use object of type CodeIgniter\Database\MySQLi\Result as array
#0 C:\xampp\htdocs\Ej4\system\CodeIgniter.php(832): App\Controllers\Banco->cargaBanco()
#1 C:\xampp\htdocs\Ej4\system\CodeIgniter.php(419): CodeIgniter\CodeIgniter->runController(Object(App\Controllers\Banco))
#2 C:\xampp\htdocs\Ej4\system\CodeIgniter.php(326): CodeIgniter\CodeIgniter->handleRequest(NULL, Object(Config\Cache), false)
#3 C:\xampp\htdocs\Ej4\index.php(37): CodeIgniter\CodeIgniter->run()
#4 {main}
ERROR - 2022-10-23 11:01:45 --> You have an error in your SQL syntax; check the manual that corresponds to your MariaDB server version for the right syntax to use near 'Nacion' at line 3
CRITICAL - 2022-10-23 11:01:45 --> You have an error in your SQL syntax; check the manual that corresponds to your MariaDB server version for the right syntax to use near 'Nacion' at line 3
#0 C:\xampp\htdocs\Ej4\system\Database\MySQLi\Connection.php(292): mysqli->query('SELECT *\nFROM `...', 0)
#1 C:\xampp\htdocs\Ej4\system\Database\BaseConnection.php(670): CodeIgniter\Database\MySQLi\Connection->execute('SELECT *\nFROM `...')
#2 C:\xampp\htdocs\Ej4\system\Database\BaseConnection.php(598): CodeIgniter\Database\BaseConnection->simpleQuery('SELECT *\nFROM `...')
#3 C:\xampp\htdocs\Ej4\system\Database\BaseBuilder.php(1455): CodeIgniter\Database\BaseConnection->query('SELECT *\nFROM `...', Array, false)
#4 C:\xampp\htdocs\Ej4\system\Model.php(145): CodeIgniter\Database\BaseBuilder->get()
#5 C:\xampp\htdocs\Ej4\system\BaseModel.php(523): CodeIgniter\Model->doFind(false, NULL)
#6 C:\xampp\htdocs\Ej4\app\Controllers\Banco.php(23): CodeIgniter\BaseModel->find()
#7 C:\xampp\htdocs\Ej4\system\CodeIgniter.php(832): App\Controllers\Banco->cargaBanco()
#8 C:\xampp\htdocs\Ej4\system\CodeIgniter.php(419): CodeIgniter\CodeIgniter->runController(Object(App\Controllers\Banco))
#9 C:\xampp\htdocs\Ej4\system\CodeIgniter.php(326): CodeIgniter\CodeIgniter->handleRequest(NULL, Object(Config\Cache), false)
#10 C:\xampp\htdocs\Ej4\index.php(37): CodeIgniter\CodeIgniter->run()
#11 {main}
CRITICAL - 2022-10-23 11:09:45 --> Array to string conversion
#0 C:\xampp\htdocs\Ej4\app\Controllers\Banco.php(25): CodeIgniter\Debug\Exceptions->errorHandler(2, 'Array to string...', 'C:\\xampp\\htdocs...', 25)
#1 C:\xampp\htdocs\Ej4\system\CodeIgniter.php(832): App\Controllers\Banco->cargaBanco()
#2 C:\xampp\htdocs\Ej4\system\CodeIgniter.php(419): CodeIgniter\CodeIgniter->runController(Object(App\Controllers\Banco))
#3 C:\xampp\htdocs\Ej4\system\CodeIgniter.php(326): CodeIgniter\CodeIgniter->handleRequest(NULL, Object(Config\Cache), false)
#4 C:\xampp\htdocs\Ej4\index.php(37): CodeIgniter\CodeIgniter->run()
#5 {main}
CRITICAL - 2022-10-23 11:23:41 --> Cannot use object of type mysqli as array
#0 C:\xampp\htdocs\Ej4\app\Controllers\Banco.php(23): App\Models\BancoModel->BuscarRepetidos('Banco Nacion')
#1 C:\xampp\htdocs\Ej4\system\CodeIgniter.php(832): App\Controllers\Banco->cargaBanco()
#2 C:\xampp\htdocs\Ej4\system\CodeIgniter.php(419): CodeIgniter\CodeIgniter->runController(Object(App\Controllers\Banco))
#3 C:\xampp\htdocs\Ej4\system\CodeIgniter.php(326): CodeIgniter\CodeIgniter->handleRequest(NULL, Object(Config\Cache), false)
#4 C:\xampp\htdocs\Ej4\index.php(37): CodeIgniter\CodeIgniter->run()
#5 {main}
CRITICAL - 2022-10-23 15:14:28 --> Undefined variable $confirmacionBanco
#0 C:\xampp\htdocs\Ej4\app\Views\VistasComunidadBancaria\adminBajaBanco.php(64): CodeIgniter\Debug\Exceptions->errorHandler(2, 'Undefined varia...', 'C:\\xampp\\htdocs...', 64)
#1 C:\xampp\htdocs\Ej4\system\View\View.php(210): include('C:\\xampp\\htdocs...')
#2 C:\xampp\htdocs\Ej4\system\View\View.php(213): CodeIgniter\View\View->CodeIgniter\View\{closure}()
#3 C:\xampp\htdocs\Ej4\system\Common.php(1089): CodeIgniter\View\View->render('VistasComunidad...', Array, true)
#4 C:\xampp\htdocs\Ej4\app\Controllers\BancoBaja.php(19): view('VistasComunidad...', Array)
#5 C:\xampp\htdocs\Ej4\system\CodeIgniter.php(832): App\Controllers\BancoBaja->index()
#6 C:\xampp\htdocs\Ej4\system\CodeIgniter.php(419): CodeIgniter\CodeIgniter->runController(Object(App\Controllers\BancoBaja))
#7 C:\xampp\htdocs\Ej4\system\CodeIgniter.php(326): CodeIgniter\CodeIgniter->handleRequest(NULL, Object(Config\Cache), false)
#8 C:\xampp\htdocs\Ej4\index.php(37): CodeIgniter\CodeIgniter->run()
#9 {main}
ERROR - 2022-10-23 16:22:49 --> Cannot add or update a child row: a foreign key constraint fails (`comunidad_bancaria`.`cuenta`, CONSTRAINT `fk_Cuenta_Banco1` FOREIGN KEY (`Banco_idBanco`) REFERENCES `banco` (`idBanco`) ON DELETE NO ACTION ON UPDATE NO ACTION)
CRITICAL - 2022-10-23 16:22:49 --> Cannot add or update a child row: a foreign key constraint fails (`comunidad_bancaria`.`cuenta`, CONSTRAINT `fk_Cuenta_Banco1` FOREIGN KEY (`Banco_idBanco`) REFERENCES `banco` (`idBanco`) ON DELETE NO ACTION ON UPDATE NO ACTION)
#0 C:\xampp\htdocs\Ej4\system\Database\MySQLi\Connection.php(292): mysqli->query('INSERT INTO `cu...', 0)
#1 C:\xampp\htdocs\Ej4\system\Database\BaseConnection.php(670): CodeIgniter\Database\MySQLi\Connection->execute('INSERT INTO `cu...')
#2 C:\xampp\htdocs\Ej4\system\Database\BaseConnection.php(598): CodeIgniter\Database\BaseConnection->simpleQuery('INSERT INTO `cu...')
#3 C:\xampp\htdocs\Ej4\system\Database\BaseBuilder.php(1771): CodeIgniter\Database\BaseConnection->query('INSERT INTO `cu...', Array, false)
#4 C:\xampp\htdocs\Ej4\system\Model.php(239): CodeIgniter\Database\BaseBuilder->insert()
#5 C:\xampp\htdocs\Ej4\system\BaseModel.php(738): CodeIgniter\Model->doInsert(Array)
#6 C:\xampp\htdocs\Ej4\system\Model.php(625): CodeIgniter\BaseModel->insert(Array, true)
#7 C:\xampp\htdocs\Ej4\app\Controllers\CuentaControlador.php(44): CodeIgniter\Model->insert(Array)
#8 C:\xampp\htdocs\Ej4\system\CodeIgniter.php(832): App\Controllers\CuentaControlador->cargaCuenta()
#9 C:\xampp\htdocs\Ej4\system\CodeIgniter.php(419): CodeIgniter\CodeIgniter->runController(Object(App\Controllers\CuentaControlador))
#10 C:\xampp\htdocs\Ej4\system\CodeIgniter.php(326): CodeIgniter\CodeIgniter->handleRequest(NULL, Object(Config\Cache), false)
#11 C:\xampp\htdocs\Ej4\index.php(37): CodeIgniter\CodeIgniter->run()
#12 {main}
ERROR - 2022-10-23 16:27:20 --> Cannot add or update a child row: a foreign key constraint fails (`comunidad_bancaria`.`cuenta`, CONSTRAINT `fk_Cuenta_Banco1` FOREIGN KEY (`Banco_idBanco`) REFERENCES `banco` (`idBanco`) ON DELETE NO ACTION ON UPDATE NO ACTION)
CRITICAL - 2022-10-23 16:27:20 --> Cannot add or update a child row: a foreign key constraint fails (`comunidad_bancaria`.`cuenta`, CONSTRAINT `fk_Cuenta_Banco1` FOREIGN KEY (`Banco_idBanco`) REFERENCES `banco` (`idBanco`) ON DELETE NO ACTION ON UPDATE NO ACTION)
#0 C:\xampp\htdocs\Ej4\system\Database\MySQLi\Connection.php(292): mysqli->query('INSERT INTO `cu...', 0)
#1 C:\xampp\htdocs\Ej4\system\Database\BaseConnection.php(670): CodeIgniter\Database\MySQLi\Connection->execute('INSERT INTO `cu...')
#2 C:\xampp\htdocs\Ej4\system\Database\BaseConnection.php(598): CodeIgniter\Database\BaseConnection->simpleQuery('INSERT INTO `cu...')
#3 C:\xampp\htdocs\Ej4\system\Database\BaseBuilder.php(1771): CodeIgniter\Database\BaseConnection->query('INSERT INTO `cu...', Array, false)
#4 C:\xampp\htdocs\Ej4\system\Model.php(239): CodeIgniter\Database\BaseBuilder->insert()
#5 C:\xampp\htdocs\Ej4\system\BaseModel.php(738): CodeIgniter\Model->doInsert(Array)
#6 C:\xampp\htdocs\Ej4\system\Model.php(625): CodeIgniter\BaseModel->insert(Array, true)
#7 C:\xampp\htdocs\Ej4\app\Controllers\CuentaControlador.php(44): CodeIgniter\Model->insert(Array)
#8 C:\xampp\htdocs\Ej4\system\CodeIgniter.php(832): App\Controllers\CuentaControlador->cargaCuenta()
#9 C:\xampp\htdocs\Ej4\system\CodeIgniter.php(419): CodeIgniter\CodeIgniter->runController(Object(App\Controllers\CuentaControlador))
#10 C:\xampp\htdocs\Ej4\system\CodeIgniter.php(326): CodeIgniter\CodeIgniter->handleRequest(NULL, Object(Config\Cache), false)
#11 C:\xampp\htdocs\Ej4\index.php(37): CodeIgniter\CodeIgniter->run()
#12 {main}
ERROR - 2022-10-23 16:30:42 --> Cannot add or update a child row: a foreign key constraint fails (`comunidad_bancaria`.`cuenta`, CONSTRAINT `fk_Cuenta_Banco1` FOREIGN KEY (`Banco_idBanco`) REFERENCES `banco` (`idBanco`) ON DELETE NO ACTION ON UPDATE NO ACTION)
CRITICAL - 2022-10-23 16:30:42 --> Cannot add or update a child row: a foreign key constraint fails (`comunidad_bancaria`.`cuenta`, CONSTRAINT `fk_Cuenta_Banco1` FOREIGN KEY (`Banco_idBanco`) REFERENCES `banco` (`idBanco`) ON DELETE NO ACTION ON UPDATE NO ACTION)
#0 C:\xampp\htdocs\Ej4\system\Database\MySQLi\Connection.php(292): mysqli->query('INSERT INTO `cu...', 0)
#1 C:\xampp\htdocs\Ej4\system\Database\BaseConnection.php(670): CodeIgniter\Database\MySQLi\Connection->execute('INSERT INTO `cu...')
#2 C:\xampp\htdocs\Ej4\system\Database\BaseConnection.php(598): CodeIgniter\Database\BaseConnection->simpleQuery('INSERT INTO `cu...')
#3 C:\xampp\htdocs\Ej4\system\Database\BaseBuilder.php(1771): CodeIgniter\Database\BaseConnection->query('INSERT INTO `cu...', Array, false)
#4 C:\xampp\htdocs\Ej4\system\Model.php(239): CodeIgniter\Database\BaseBuilder->insert()
#5 C:\xampp\htdocs\Ej4\system\BaseModel.php(738): CodeIgniter\Model->doInsert(Array)
#6 C:\xampp\htdocs\Ej4\system\Model.php(625): CodeIgniter\BaseModel->insert(Array, true)
#7 C:\xampp\htdocs\Ej4\app\Controllers\CuentaControlador.php(45): CodeIgniter\Model->insert(Array)
#8 C:\xampp\htdocs\Ej4\system\CodeIgniter.php(832): App\Controllers\CuentaControlador->cargaCuenta()
#9 C:\xampp\htdocs\Ej4\system\CodeIgniter.php(419): CodeIgniter\CodeIgniter->runController(Object(App\Controllers\CuentaControlador))
#10 C:\xampp\htdocs\Ej4\system\CodeIgniter.php(326): CodeIgniter\CodeIgniter->handleRequest(NULL, Object(Config\Cache), false)
#11 C:\xampp\htdocs\Ej4\index.php(37): CodeIgniter\CodeIgniter->run()
#12 {main}
ERROR - 2022-10-23 16:30:46 --> Cannot add or update a child row: a foreign key constraint fails (`comunidad_bancaria`.`cuenta`, CONSTRAINT `fk_Cuenta_Banco1` FOREIGN KEY (`Banco_idBanco`) REFERENCES `banco` (`idBanco`) ON DELETE NO ACTION ON UPDATE NO ACTION)
CRITICAL - 2022-10-23 16:30:46 --> Cannot add or update a child row: a foreign key constraint fails (`comunidad_bancaria`.`cuenta`, CONSTRAINT `fk_Cuenta_Banco1` FOREIGN KEY (`Banco_idBanco`) REFERENCES `banco` (`idBanco`) ON DELETE NO ACTION ON UPDATE NO ACTION)
#0 C:\xampp\htdocs\Ej4\system\Database\MySQLi\Connection.php(292): mysqli->query('INSERT INTO `cu...', 0)
#1 C:\xampp\htdocs\Ej4\system\Database\BaseConnection.php(670): CodeIgniter\Database\MySQLi\Connection->execute('INSERT INTO `cu...')
#2 C:\xampp\htdocs\Ej4\system\Database\BaseConnection.php(598): CodeIgniter\Database\BaseConnection->simpleQuery('INSERT INTO `cu...')
#3 C:\xampp\htdocs\Ej4\system\Database\BaseBuilder.php(1771): CodeIgniter\Database\BaseConnection->query('INSERT INTO `cu...', Array, false)
#4 C:\xampp\htdocs\Ej4\system\Model.php(239): CodeIgniter\Database\BaseBuilder->insert()
#5 C:\xampp\htdocs\Ej4\system\BaseModel.php(738): CodeIgniter\Model->doInsert(Array)
#6 C:\xampp\htdocs\Ej4\system\Model.php(625): CodeIgniter\BaseModel->insert(Array, true)
#7 C:\xampp\htdocs\Ej4\app\Controllers\CuentaControlador.php(45): CodeIgniter\Model->insert(Array)
#8 C:\xampp\htdocs\Ej4\system\CodeIgniter.php(832): App\Controllers\CuentaControlador->cargaCuenta()
#9 C:\xampp\htdocs\Ej4\system\CodeIgniter.php(419): CodeIgniter\CodeIgniter->runController(Object(App\Controllers\CuentaControlador))
#10 C:\xampp\htdocs\Ej4\system\CodeIgniter.php(326): CodeIgniter\CodeIgniter->handleRequest(NULL, Object(Config\Cache), false)
#11 C:\xampp\htdocs\Ej4\index.php(37): CodeIgniter\CodeIgniter->run()
#12 {main}
ERROR - 2022-10-23 16:30:49 --> Cannot add or update a child row: a foreign key constraint fails (`comunidad_bancaria`.`cuenta`, CONSTRAINT `fk_Cuenta_Banco1` FOREIGN KEY (`Banco_idBanco`) REFERENCES `banco` (`idBanco`) ON DELETE NO ACTION ON UPDATE NO ACTION)
CRITICAL - 2022-10-23 16:30:49 --> Cannot add or update a child row: a foreign key constraint fails (`comunidad_bancaria`.`cuenta`, CONSTRAINT `fk_Cuenta_Banco1` FOREIGN KEY (`Banco_idBanco`) REFERENCES `banco` (`idBanco`) ON DELETE NO ACTION ON UPDATE NO ACTION)
#0 C:\xampp\htdocs\Ej4\system\Database\MySQLi\Connection.php(292): mysqli->query('INSERT INTO `cu...', 0)
#1 C:\xampp\htdocs\Ej4\system\Database\BaseConnection.php(670): CodeIgniter\Database\MySQLi\Connection->execute('INSERT INTO `cu...')
#2 C:\xampp\htdocs\Ej4\system\Database\BaseConnection.php(598): CodeIgniter\Database\BaseConnection->simpleQuery('INSERT INTO `cu...')
#3 C:\xampp\htdocs\Ej4\system\Database\BaseBuilder.php(1771): CodeIgniter\Database\BaseConnection->query('INSERT INTO `cu...', Array, false)
#4 C:\xampp\htdocs\Ej4\system\Model.php(239): CodeIgniter\Database\BaseBuilder->insert()
#5 C:\xampp\htdocs\Ej4\system\BaseModel.php(738): CodeIgniter\Model->doInsert(Array)
#6 C:\xampp\htdocs\Ej4\system\Model.php(625): CodeIgniter\BaseModel->insert(Array, true)
#7 C:\xampp\htdocs\Ej4\app\Controllers\CuentaControlador.php(45): CodeIgniter\Model->insert(Array)
#8 C:\xampp\htdocs\Ej4\system\CodeIgniter.php(832): App\Controllers\CuentaControlador->cargaCuenta()
#9 C:\xampp\htdocs\Ej4\system\CodeIgniter.php(419): CodeIgniter\CodeIgniter->runController(Object(App\Controllers\CuentaControlador))
#10 C:\xampp\htdocs\Ej4\system\CodeIgniter.php(326): CodeIgniter\CodeIgniter->handleRequest(NULL, Object(Config\Cache), false)
#11 C:\xampp\htdocs\Ej4\index.php(37): CodeIgniter\CodeIgniter->run()
#12 {main}
ERROR - 2022-10-23 16:30:53 --> Cannot add or update a child row: a foreign key constraint fails (`comunidad_bancaria`.`cuenta`, CONSTRAINT `fk_Cuenta_Banco1` FOREIGN KEY (`Banco_idBanco`) REFERENCES `banco` (`idBanco`) ON DELETE NO ACTION ON UPDATE NO ACTION)
CRITICAL - 2022-10-23 16:30:53 --> Cannot add or update a child row: a foreign key constraint fails (`comunidad_bancaria`.`cuenta`, CONSTRAINT `fk_Cuenta_Banco1` FOREIGN KEY (`Banco_idBanco`) REFERENCES `banco` (`idBanco`) ON DELETE NO ACTION ON UPDATE NO ACTION)
#0 C:\xampp\htdocs\Ej4\system\Database\MySQLi\Connection.php(292): mysqli->query('INSERT INTO `cu...', 0)
#1 C:\xampp\htdocs\Ej4\system\Database\BaseConnection.php(670): CodeIgniter\Database\MySQLi\Connection->execute('INSERT INTO `cu...')
#2 C:\xampp\htdocs\Ej4\system\Database\BaseConnection.php(598): CodeIgniter\Database\BaseConnection->simpleQuery('INSERT INTO `cu...')
#3 C:\xampp\htdocs\Ej4\system\Database\BaseBuilder.php(1771): CodeIgniter\Database\BaseConnection->query('INSERT INTO `cu...', Array, false)
#4 C:\xampp\htdocs\Ej4\system\Model.php(239): CodeIgniter\Database\BaseBuilder->insert()
#5 C:\xampp\htdocs\Ej4\system\BaseModel.php(738): CodeIgniter\Model->doInsert(Array)
#6 C:\xampp\htdocs\Ej4\system\Model.php(625): CodeIgniter\BaseModel->insert(Array, true)
#7 C:\xampp\htdocs\Ej4\app\Controllers\CuentaControlador.php(45): CodeIgniter\Model->insert(Array)
#8 C:\xampp\htdocs\Ej4\system\CodeIgniter.php(832): App\Controllers\CuentaControlador->cargaCuenta()
#9 C:\xampp\htdocs\Ej4\system\CodeIgniter.php(419): CodeIgniter\CodeIgniter->runController(Object(App\Controllers\CuentaControlador))
#10 C:\xampp\htdocs\Ej4\system\CodeIgniter.php(326): CodeIgniter\CodeIgniter->handleRequest(NULL, Object(Config\Cache), false)
#11 C:\xampp\htdocs\Ej4\index.php(37): CodeIgniter\CodeIgniter->run()
#12 {main}
ERROR - 2022-10-23 16:32:05 --> Cannot add or update a child row: a foreign key constraint fails (`comunidad_bancaria`.`cuenta`, CONSTRAINT `fk_Cuenta_Banco1` FOREIGN KEY (`Banco_idBanco`) REFERENCES `banco` (`idBanco`) ON DELETE NO ACTION ON UPDATE NO ACTION)
CRITICAL - 2022-10-23 16:32:05 --> Cannot add or update a child row: a foreign key constraint fails (`comunidad_bancaria`.`cuenta`, CONSTRAINT `fk_Cuenta_Banco1` FOREIGN KEY (`Banco_idBanco`) REFERENCES `banco` (`idBanco`) ON DELETE NO ACTION ON UPDATE NO ACTION)
#0 C:\xampp\htdocs\Ej4\system\Database\MySQLi\Connection.php(292): mysqli->query('INSERT INTO `cu...', 0)
#1 C:\xampp\htdocs\Ej4\system\Database\BaseConnection.php(670): CodeIgniter\Database\MySQLi\Connection->execute('INSERT INTO `cu...')
#2 C:\xampp\htdocs\Ej4\system\Database\BaseConnection.php(598): CodeIgniter\Database\BaseConnection->simpleQuery('INSERT INTO `cu...')
#3 C:\xampp\htdocs\Ej4\system\Database\BaseBuilder.php(1771): CodeIgniter\Database\BaseConnection->query('INSERT INTO `cu...', Array, false)
#4 C:\xampp\htdocs\Ej4\system\Model.php(239): CodeIgniter\Database\BaseBuilder->insert()
#5 C:\xampp\htdocs\Ej4\system\BaseModel.php(738): CodeIgniter\Model->doInsert(Array)
#6 C:\xampp\htdocs\Ej4\system\Model.php(625): CodeIgniter\BaseModel->insert(Array, true)
#7 C:\xampp\htdocs\Ej4\app\Controllers\CuentaControlador.php(46): CodeIgniter\Model->insert(Array)
#8 C:\xampp\htdocs\Ej4\system\CodeIgniter.php(832): App\Controllers\CuentaControlador->cargaCuenta()
#9 C:\xampp\htdocs\Ej4\system\CodeIgniter.php(419): CodeIgniter\CodeIgniter->runController(Object(App\Controllers\CuentaControlador))
#10 C:\xampp\htdocs\Ej4\system\CodeIgniter.php(326): CodeIgniter\CodeIgniter->handleRequest(NULL, Object(Config\Cache), false)
#11 C:\xampp\htdocs\Ej4\index.php(37): CodeIgniter\CodeIgniter->run()
#12 {main}
ERROR - 2022-10-23 16:41:07 --> Cannot add or update a child row: a foreign key constraint fails (`comunidad_bancaria`.`cuenta`, CONSTRAINT `fk_Cuenta_Banco1` FOREIGN KEY (`Banco_idBanco`) REFERENCES `banco` (`idBanco`) ON DELETE NO ACTION ON UPDATE NO ACTION)
CRITICAL - 2022-10-23 16:41:07 --> Cannot add or update a child row: a foreign key constraint fails (`comunidad_bancaria`.`cuenta`, CONSTRAINT `fk_Cuenta_Banco1` FOREIGN KEY (`Banco_idBanco`) REFERENCES `banco` (`idBanco`) ON DELETE NO ACTION ON UPDATE NO ACTION)
#0 C:\xampp\htdocs\Ej4\system\Database\MySQLi\Connection.php(292): mysqli->query('INSERT INTO `cu...', 0)
#1 C:\xampp\htdocs\Ej4\system\Database\BaseConnection.php(670): CodeIgniter\Database\MySQLi\Connection->execute('INSERT INTO `cu...')
#2 C:\xampp\htdocs\Ej4\system\Database\BaseConnection.php(598): CodeIgniter\Database\BaseConnection->simpleQuery('INSERT INTO `cu...')
#3 C:\xampp\htdocs\Ej4\system\Database\BaseBuilder.php(1771): CodeIgniter\Database\BaseConnection->query('INSERT INTO `cu...', Array, false)
#4 C:\xampp\htdocs\Ej4\system\Model.php(239): CodeIgniter\Database\BaseBuilder->insert()
#5 C:\xampp\htdocs\Ej4\system\BaseModel.php(738): CodeIgniter\Model->doInsert(Array)
#6 C:\xampp\htdocs\Ej4\system\Model.php(625): CodeIgniter\BaseModel->insert(Array, true)
#7 C:\xampp\htdocs\Ej4\app\Controllers\CuentaControlador.php(60): CodeIgniter\Model->insert(Array)
#8 C:\xampp\htdocs\Ej4\system\CodeIgniter.php(832): App\Controllers\CuentaControlador->cargaCuenta()
#9 C:\xampp\htdocs\Ej4\system\CodeIgniter.php(419): CodeIgniter\CodeIgniter->runController(Object(App\Controllers\CuentaControlador))
#10 C:\xampp\htdocs\Ej4\system\CodeIgniter.php(326): CodeIgniter\CodeIgniter->handleRequest(NULL, Object(Config\Cache), false)
#11 C:\xampp\htdocs\Ej4\index.php(37): CodeIgniter\CodeIgniter->run()
#12 {main}
