CRITICAL - 2022-10-26 13:11:40 --> Undefined variable $arreglo
#0 C:\xampp\htdocs\Ej4\app\Controllers\ControladorCliente.php(135): CodeIgniter\Debug\Exceptions->errorHandler(2, 'Undefined varia...', 'C:\\xampp\\htdocs...', 135)
#1 C:\xampp\htdocs\Ej4\system\CodeIgniter.php(832): App\Controllers\ControladorCliente->consultaUsuario()
#2 C:\xampp\htdocs\Ej4\system\CodeIgniter.php(419): CodeIgniter\CodeIgniter->runController(Object(App\Controllers\ControladorCliente))
#3 C:\xampp\htdocs\Ej4\system\CodeIgniter.php(326): CodeIgniter\CodeIgniter->handleRequest(NULL, Object(Config\Cache), false)
#4 C:\xampp\htdocs\Ej4\index.php(37): CodeIgniter\CodeIgniter->run()
#5 {main}
CRITICAL - 2022-10-26 13:11:53 --> Undefined variable $arreglo
#0 C:\xampp\htdocs\Ej4\app\Controllers\ControladorCliente.php(135): CodeIgniter\Debug\Exceptions->errorHandler(2, 'Undefined varia...', 'C:\\xampp\\htdocs...', 135)
#1 C:\xampp\htdocs\Ej4\system\CodeIgniter.php(832): App\Controllers\ControladorCliente->consultaUsuario()
#2 C:\xampp\htdocs\Ej4\system\CodeIgniter.php(419): CodeIgniter\CodeIgniter->runController(Object(App\Controllers\ControladorCliente))
#3 C:\xampp\htdocs\Ej4\system\CodeIgniter.php(326): CodeIgniter\CodeIgniter->handleRequest(NULL, Object(Config\Cache), false)
#4 C:\xampp\htdocs\Ej4\index.php(37): CodeIgniter\CodeIgniter->run()
#5 {main}
CRITICAL - 2022-10-26 13:16:07 --> Undefined variable $arreglo
#0 C:\xampp\htdocs\Ej4\app\Controllers\ControladorCliente.php(155): CodeIgniter\Debug\Exceptions->errorHandler(2, 'Undefined varia...', 'C:\\xampp\\htdocs...', 155)
#1 C:\xampp\htdocs\Ej4\system\CodeIgniter.php(832): App\Controllers\ControladorCliente->consultaBanco()
#2 C:\xampp\htdocs\Ej4\system\CodeIgniter.php(419): CodeIgniter\CodeIgniter->runController(Object(App\Controllers\ControladorCliente))
#3 C:\xampp\htdocs\Ej4\system\CodeIgniter.php(326): CodeIgniter\CodeIgniter->handleRequest(NULL, Object(Config\Cache), false)
#4 C:\xampp\htdocs\Ej4\index.php(37): CodeIgniter\CodeIgniter->run()
#5 {main}
CRITICAL - 2022-10-26 13:30:17 --> Undefined variable $arreglo
#0 C:\xampp\htdocs\Ej4\app\Controllers\ControladorCliente.php(154): CodeIgniter\Debug\Exceptions->errorHandler(2, 'Undefined varia...', 'C:\\xampp\\htdocs...', 154)
#1 C:\xampp\htdocs\Ej4\system\CodeIgniter.php(832): App\Controllers\ControladorCliente->consultaBanco()
#2 C:\xampp\htdocs\Ej4\system\CodeIgniter.php(419): CodeIgniter\CodeIgniter->runController(Object(App\Controllers\ControladorCliente))
#3 C:\xampp\htdocs\Ej4\system\CodeIgniter.php(326): CodeIgniter\CodeIgniter->handleRequest(NULL, Object(Config\Cache), false)
#4 C:\xampp\htdocs\Ej4\index.php(37): CodeIgniter\CodeIgniter->run()
#5 {main}
CRITICAL - 2022-10-26 13:32:38 --> Undefined variable $arreglo
#0 C:\xampp\htdocs\Ej4\app\Controllers\ControladorCliente.php(155): CodeIgniter\Debug\Exceptions->errorHandler(2, 'Undefined varia...', 'C:\\xampp\\htdocs...', 155)
#1 C:\xampp\htdocs\Ej4\system\CodeIgniter.php(832): App\Controllers\ControladorCliente->consultaBanco()
#2 C:\xampp\htdocs\Ej4\system\CodeIgniter.php(419): CodeIgniter\CodeIgniter->runController(Object(App\Controllers\ControladorCliente))
#3 C:\xampp\htdocs\Ej4\system\CodeIgniter.php(326): CodeIgniter\CodeIgniter->handleRequest(NULL, Object(Config\Cache), false)
#4 C:\xampp\htdocs\Ej4\index.php(37): CodeIgniter\CodeIgniter->run()
#5 {main}
CRITICAL - 2022-10-26 13:32:44 --> Undefined variable $arreglo
#0 C:\xampp\htdocs\Ej4\app\Controllers\ControladorCliente.php(155): CodeIgniter\Debug\Exceptions->errorHandler(2, 'Undefined varia...', 'C:\\xampp\\htdocs...', 155)
#1 C:\xampp\htdocs\Ej4\system\CodeIgniter.php(832): App\Controllers\ControladorCliente->consultaBanco()
#2 C:\xampp\htdocs\Ej4\system\CodeIgniter.php(419): CodeIgniter\CodeIgniter->runController(Object(App\Controllers\ControladorCliente))
#3 C:\xampp\htdocs\Ej4\system\CodeIgniter.php(326): CodeIgniter\CodeIgniter->handleRequest(NULL, Object(Config\Cache), false)
#4 C:\xampp\htdocs\Ej4\index.php(37): CodeIgniter\CodeIgniter->run()
#5 {main}
CRITICAL - 2022-10-26 13:33:52 --> Array to string conversion
#0 C:\xampp\htdocs\Ej4\app\Controllers\ControladorCliente.php(149): CodeIgniter\Debug\Exceptions->errorHandler(2, 'Array to string...', 'C:\\xampp\\htdocs...', 149)
#1 C:\xampp\htdocs\Ej4\system\CodeIgniter.php(832): App\Controllers\ControladorCliente->consultaBanco()
#2 C:\xampp\htdocs\Ej4\system\CodeIgniter.php(419): CodeIgniter\CodeIgniter->runController(Object(App\Controllers\ControladorCliente))
#3 C:\xampp\htdocs\Ej4\system\CodeIgniter.php(326): CodeIgniter\CodeIgniter->handleRequest(NULL, Object(Config\Cache), false)
#4 C:\xampp\htdocs\Ej4\index.php(37): CodeIgniter\CodeIgniter->run()
#5 {main}
CRITICAL - 2022-10-26 13:35:54 --> Array to string conversion
#0 C:\xampp\htdocs\Ej4\app\Controllers\ControladorCliente.php(149): CodeIgniter\Debug\Exceptions->errorHandler(2, 'Array to string...', 'C:\\xampp\\htdocs...', 149)
#1 C:\xampp\htdocs\Ej4\system\CodeIgniter.php(832): App\Controllers\ControladorCliente->consultaBanco()
#2 C:\xampp\htdocs\Ej4\system\CodeIgniter.php(419): CodeIgniter\CodeIgniter->runController(Object(App\Controllers\ControladorCliente))
#3 C:\xampp\htdocs\Ej4\system\CodeIgniter.php(326): CodeIgniter\CodeIgniter->handleRequest(NULL, Object(Config\Cache), false)
#4 C:\xampp\htdocs\Ej4\index.php(37): CodeIgniter\CodeIgniter->run()
#5 {main}
CRITICAL - 2022-10-26 13:36:41 --> Array to string conversion
#0 C:\xampp\htdocs\Ej4\app\Controllers\ControladorCliente.php(146): CodeIgniter\Debug\Exceptions->errorHandler(2, 'Array to string...', 'C:\\xampp\\htdocs...', 146)
#1 C:\xampp\htdocs\Ej4\system\CodeIgniter.php(832): App\Controllers\ControladorCliente->consultaBanco()
#2 C:\xampp\htdocs\Ej4\system\CodeIgniter.php(419): CodeIgniter\CodeIgniter->runController(Object(App\Controllers\ControladorCliente))
#3 C:\xampp\htdocs\Ej4\system\CodeIgniter.php(326): CodeIgniter\CodeIgniter->handleRequest(NULL, Object(Config\Cache), false)
#4 C:\xampp\htdocs\Ej4\index.php(37): CodeIgniter\CodeIgniter->run()
#5 {main}
CRITICAL - 2022-10-26 13:37:18 --> Undefined array key "B_nombre"
#0 C:\xampp\htdocs\Ej4\app\Controllers\ControladorCliente.php(146): CodeIgniter\Debug\Exceptions->errorHandler(2, 'Undefined array...', 'C:\\xampp\\htdocs...', 146)
#1 C:\xampp\htdocs\Ej4\system\CodeIgniter.php(832): App\Controllers\ControladorCliente->consultaBanco()
#2 C:\xampp\htdocs\Ej4\system\CodeIgniter.php(419): CodeIgniter\CodeIgniter->runController(Object(App\Controllers\ControladorCliente))
#3 C:\xampp\htdocs\Ej4\system\CodeIgniter.php(326): CodeIgniter\CodeIgniter->handleRequest(NULL, Object(Config\Cache), false)
#4 C:\xampp\htdocs\Ej4\index.php(37): CodeIgniter\CodeIgniter->run()
#5 {main}
CRITICAL - 2022-10-26 13:37:43 --> Array to string conversion
#0 C:\xampp\htdocs\Ej4\app\Controllers\ControladorCliente.php(146): CodeIgniter\Debug\Exceptions->errorHandler(2, 'Array to string...', 'C:\\xampp\\htdocs...', 146)
#1 C:\xampp\htdocs\Ej4\system\CodeIgniter.php(832): App\Controllers\ControladorCliente->consultaBanco()
#2 C:\xampp\htdocs\Ej4\system\CodeIgniter.php(419): CodeIgniter\CodeIgniter->runController(Object(App\Controllers\ControladorCliente))
#3 C:\xampp\htdocs\Ej4\system\CodeIgniter.php(326): CodeIgniter\CodeIgniter->handleRequest(NULL, Object(Config\Cache), false)
#4 C:\xampp\htdocs\Ej4\index.php(37): CodeIgniter\CodeIgniter->run()
#5 {main}
CRITICAL - 2022-10-26 13:40:45 --> Array to string conversion
#0 C:\xampp\htdocs\Ej4\app\Controllers\ControladorCliente.php(153): CodeIgniter\Debug\Exceptions->errorHandler(2, 'Array to string...', 'C:\\xampp\\htdocs...', 153)
#1 C:\xampp\htdocs\Ej4\system\CodeIgniter.php(832): App\Controllers\ControladorCliente->consultaBanco()
#2 C:\xampp\htdocs\Ej4\system\CodeIgniter.php(419): CodeIgniter\CodeIgniter->runController(Object(App\Controllers\ControladorCliente))
#3 C:\xampp\htdocs\Ej4\system\CodeIgniter.php(326): CodeIgniter\CodeIgniter->handleRequest(NULL, Object(Config\Cache), false)
#4 C:\xampp\htdocs\Ej4\index.php(37): CodeIgniter\CodeIgniter->run()
#5 {main}
CRITICAL - 2022-10-26 13:40:57 --> Array to string conversion
#0 C:\xampp\htdocs\Ej4\app\Controllers\ControladorCliente.php(153): CodeIgniter\Debug\Exceptions->errorHandler(2, 'Array to string...', 'C:\\xampp\\htdocs...', 153)
#1 C:\xampp\htdocs\Ej4\system\CodeIgniter.php(832): App\Controllers\ControladorCliente->consultaBanco()
#2 C:\xampp\htdocs\Ej4\system\CodeIgniter.php(419): CodeIgniter\CodeIgniter->runController(Object(App\Controllers\ControladorCliente))
#3 C:\xampp\htdocs\Ej4\system\CodeIgniter.php(326): CodeIgniter\CodeIgniter->handleRequest(NULL, Object(Config\Cache), false)
#4 C:\xampp\htdocs\Ej4\index.php(37): CodeIgniter\CodeIgniter->run()
#5 {main}
CRITICAL - 2022-10-26 14:26:47 --> Invalid file: VistasComunidadBancaria/adminListadoBancosConsulta.php
#0 C:\xampp\htdocs\Ej4\system\View\View.php(198): CodeIgniter\Exceptions\FrameworkException::forInvalidFile('VistasComunidad...')
#1 C:\xampp\htdocs\Ej4\system\Common.php(1089): CodeIgniter\View\View->render('VistasComunidad...', Array, true)
#2 C:\xampp\htdocs\Ej4\app\Controllers\Banco.php(122): view('VistasComunidad...', Array)
#3 C:\xampp\htdocs\Ej4\system\CodeIgniter.php(832): App\Controllers\Banco->mostrarConsulta()
#4 C:\xampp\htdocs\Ej4\system\CodeIgniter.php(419): CodeIgniter\CodeIgniter->runController(Object(App\Controllers\Banco))
#5 C:\xampp\htdocs\Ej4\system\CodeIgniter.php(326): CodeIgniter\CodeIgniter->handleRequest(NULL, Object(Config\Cache), false)
#6 C:\xampp\htdocs\Ej4\index.php(37): CodeIgniter\CodeIgniter->run()
#7 {main}
CRITICAL - 2022-10-26 15:51:13 --> Undefined variable $arreglo
#0 C:\xampp\htdocs\Ej4\app\Controllers\ControladorCliente.php(135): CodeIgniter\Debug\Exceptions->errorHandler(2, 'Undefined varia...', 'C:\\xampp\\htdocs...', 135)
#1 C:\xampp\htdocs\Ej4\system\CodeIgniter.php(832): App\Controllers\ControladorCliente->consultaUsuario()
#2 C:\xampp\htdocs\Ej4\system\CodeIgniter.php(419): CodeIgniter\CodeIgniter->runController(Object(App\Controllers\ControladorCliente))
#3 C:\xampp\htdocs\Ej4\system\CodeIgniter.php(326): CodeIgniter\CodeIgniter->handleRequest(NULL, Object(Config\Cache), false)
#4 C:\xampp\htdocs\Ej4\index.php(37): CodeIgniter\CodeIgniter->run()
#5 {main}
CRITICAL - 2022-10-26 16:47:54 --> Undefined array key "usuario"
#0 C:\xampp\htdocs\Ej4\app\Controllers\AdminControlador.php(10): CodeIgniter\Debug\Exceptions->errorHandler(2, 'Undefined array...', 'C:\\xampp\\htdocs...', 10)
#1 C:\xampp\htdocs\Ej4\system\CodeIgniter.php(832): App\Controllers\AdminControlador->index()
#2 C:\xampp\htdocs\Ej4\system\CodeIgniter.php(419): CodeIgniter\CodeIgniter->runController(Object(App\Controllers\AdminControlador))
#3 C:\xampp\htdocs\Ej4\system\CodeIgniter.php(326): CodeIgniter\CodeIgniter->handleRequest(NULL, Object(Config\Cache), false)
#4 C:\xampp\htdocs\Ej4\index.php(37): CodeIgniter\CodeIgniter->run()
#5 {main}
CRITICAL - 2022-10-26 16:48:56 --> Undefined array key "usuario"
#0 C:\xampp\htdocs\Ej4\app\Controllers\AdminControlador.php(10): CodeIgniter\Debug\Exceptions->errorHandler(2, 'Undefined array...', 'C:\\xampp\\htdocs...', 10)
#1 C:\xampp\htdocs\Ej4\system\CodeIgniter.php(832): App\Controllers\AdminControlador->index()
#2 C:\xampp\htdocs\Ej4\system\CodeIgniter.php(419): CodeIgniter\CodeIgniter->runController(Object(App\Controllers\AdminControlador))
#3 C:\xampp\htdocs\Ej4\system\CodeIgniter.php(326): CodeIgniter\CodeIgniter->handleRequest(NULL, Object(Config\Cache), false)
#4 C:\xampp\htdocs\Ej4\index.php(37): CodeIgniter\CodeIgniter->run()
#5 {main}
CRITICAL - 2022-10-26 16:51:13 --> Undefined array key "usuario"
#0 C:\xampp\htdocs\Ej4\app\Controllers\AdminControlador.php(10): CodeIgniter\Debug\Exceptions->errorHandler(2, 'Undefined array...', 'C:\\xampp\\htdocs...', 10)
#1 C:\xampp\htdocs\Ej4\system\CodeIgniter.php(832): App\Controllers\AdminControlador->index()
#2 C:\xampp\htdocs\Ej4\system\CodeIgniter.php(419): CodeIgniter\CodeIgniter->runController(Object(App\Controllers\AdminControlador))
#3 C:\xampp\htdocs\Ej4\system\CodeIgniter.php(326): CodeIgniter\CodeIgniter->handleRequest(NULL, Object(Config\Cache), false)
#4 C:\xampp\htdocs\Ej4\index.php(37): CodeIgniter\CodeIgniter->run()
#5 {main}
CRITICAL - 2022-10-26 17:51:37 --> There is no data to update.
#0 C:\xampp\htdocs\Ej4\system\BaseModel.php(1574): CodeIgniter\Database\Exceptions\DataException::forEmptyDataset('update')
#1 C:\xampp\htdocs\Ej4\system\BaseModel.php(832): CodeIgniter\BaseModel->transformDataToArray(NULL, 'update')
#2 C:\xampp\htdocs\Ej4\system\Model.php(651): CodeIgniter\BaseModel->update(Array, NULL)
#3 C:\xampp\htdocs\Ej4\app\Controllers\ControladorCliente.php(202): CodeIgniter\Model->update('3', NULL)
#4 C:\xampp\htdocs\Ej4\system\CodeIgniter.php(832): App\Controllers\ControladorCliente->modificaCliente()
#5 C:\xampp\htdocs\Ej4\system\CodeIgniter.php(419): CodeIgniter\CodeIgniter->runController(Object(App\Controllers\ControladorCliente))
#6 C:\xampp\htdocs\Ej4\system\CodeIgniter.php(326): CodeIgniter\CodeIgniter->handleRequest(NULL, Object(Config\Cache), false)
#7 C:\xampp\htdocs\Ej4\index.php(37): CodeIgniter\CodeIgniter->run()
#8 {main}
CRITICAL - 2022-10-26 17:53:05 --> There is no data to update.
#0 C:\xampp\htdocs\Ej4\system\BaseModel.php(1574): CodeIgniter\Database\Exceptions\DataException::forEmptyDataset('update')
#1 C:\xampp\htdocs\Ej4\system\BaseModel.php(832): CodeIgniter\BaseModel->transformDataToArray(NULL, 'update')
#2 C:\xampp\htdocs\Ej4\system\Model.php(651): CodeIgniter\BaseModel->update(Array, NULL)
#3 C:\xampp\htdocs\Ej4\app\Controllers\ControladorCliente.php(203): CodeIgniter\Model->update('3', NULL)
#4 C:\xampp\htdocs\Ej4\system\CodeIgniter.php(832): App\Controllers\ControladorCliente->modificaCliente()
#5 C:\xampp\htdocs\Ej4\system\CodeIgniter.php(419): CodeIgniter\CodeIgniter->runController(Object(App\Controllers\ControladorCliente))
#6 C:\xampp\htdocs\Ej4\system\CodeIgniter.php(326): CodeIgniter\CodeIgniter->handleRequest(NULL, Object(Config\Cache), false)
#7 C:\xampp\htdocs\Ej4\index.php(37): CodeIgniter\CodeIgniter->run()
#8 {main}
CRITICAL - 2022-10-26 20:03:26 --> Undefined variable $arreglo
#0 C:\xampp\htdocs\Ej4\app\Controllers\ControladorCliente.php(130): CodeIgniter\Debug\Exceptions->errorHandler(2, 'Undefined varia...', 'C:\\xampp\\htdocs...', 130)
#1 C:\xampp\htdocs\Ej4\system\CodeIgniter.php(832): App\Controllers\ControladorCliente->consultaUsuario()
#2 C:\xampp\htdocs\Ej4\system\CodeIgniter.php(419): CodeIgniter\CodeIgniter->runController(Object(App\Controllers\ControladorCliente))
#3 C:\xampp\htdocs\Ej4\system\CodeIgniter.php(326): CodeIgniter\CodeIgniter->handleRequest(NULL, Object(Config\Cache), false)
#4 C:\xampp\htdocs\Ej4\index.php(37): CodeIgniter\CodeIgniter->run()
#5 {main}
CRITICAL - 2022-10-26 20:03:44 --> Undefined variable $arreglo
#0 C:\xampp\htdocs\Ej4\app\Controllers\ControladorCliente.php(130): CodeIgniter\Debug\Exceptions->errorHandler(2, 'Undefined varia...', 'C:\\xampp\\htdocs...', 130)
#1 C:\xampp\htdocs\Ej4\system\CodeIgniter.php(832): App\Controllers\ControladorCliente->consultaUsuario()
#2 C:\xampp\htdocs\Ej4\system\CodeIgniter.php(419): CodeIgniter\CodeIgniter->runController(Object(App\Controllers\ControladorCliente))
#3 C:\xampp\htdocs\Ej4\system\CodeIgniter.php(326): CodeIgniter\CodeIgniter->handleRequest(NULL, Object(Config\Cache), false)
#4 C:\xampp\htdocs\Ej4\index.php(37): CodeIgniter\CodeIgniter->run()
#5 {main}
CRITICAL - 2022-10-26 20:04:21 --> Undefined variable $arreglo
#0 C:\xampp\htdocs\Ej4\app\Controllers\ControladorCliente.php(130): CodeIgniter\Debug\Exceptions->errorHandler(2, 'Undefined varia...', 'C:\\xampp\\htdocs...', 130)
#1 C:\xampp\htdocs\Ej4\system\CodeIgniter.php(832): App\Controllers\ControladorCliente->consultaUsuario()
#2 C:\xampp\htdocs\Ej4\system\CodeIgniter.php(419): CodeIgniter\CodeIgniter->runController(Object(App\Controllers\ControladorCliente))
#3 C:\xampp\htdocs\Ej4\system\CodeIgniter.php(326): CodeIgniter\CodeIgniter->handleRequest(NULL, Object(Config\Cache), false)
#4 C:\xampp\htdocs\Ej4\index.php(37): CodeIgniter\CodeIgniter->run()
#5 {main}
CRITICAL - 2022-10-26 20:04:28 --> Undefined variable $arreglo
#0 C:\xampp\htdocs\Ej4\app\Controllers\ControladorCliente.php(130): CodeIgniter\Debug\Exceptions->errorHandler(2, 'Undefined varia...', 'C:\\xampp\\htdocs...', 130)
#1 C:\xampp\htdocs\Ej4\system\CodeIgniter.php(832): App\Controllers\ControladorCliente->consultaUsuario()
#2 C:\xampp\htdocs\Ej4\system\CodeIgniter.php(419): CodeIgniter\CodeIgniter->runController(Object(App\Controllers\ControladorCliente))
#3 C:\xampp\htdocs\Ej4\system\CodeIgniter.php(326): CodeIgniter\CodeIgniter->handleRequest(NULL, Object(Config\Cache), false)
#4 C:\xampp\htdocs\Ej4\index.php(37): CodeIgniter\CodeIgniter->run()
#5 {main}
CRITICAL - 2022-10-26 20:39:50 --> Array to string conversion
#0 C:\xampp\htdocs\Ej4\app\Views\VistasComunidadBancaria\adminModificarBanco.php(57): CodeIgniter\Debug\Exceptions->errorHandler(2, 'Array to string...', 'C:\\xampp\\htdocs...', 57)
#1 C:\xampp\htdocs\Ej4\system\View\View.php(210): include('C:\\xampp\\htdocs...')
#2 C:\xampp\htdocs\Ej4\system\View\View.php(213): CodeIgniter\View\View->CodeIgniter\View\{closure}()
#3 C:\xampp\htdocs\Ej4\system\Common.php(1089): CodeIgniter\View\View->render('VistasComunidad...', Array, true)
#4 C:\xampp\htdocs\Ej4\app\Controllers\Banco.php(139): view('VistasComunidad...', Array)
#5 C:\xampp\htdocs\Ej4\system\CodeIgniter.php(832): App\Controllers\Banco->indexModifica()
#6 C:\xampp\htdocs\Ej4\system\CodeIgniter.php(419): CodeIgniter\CodeIgniter->runController(Object(App\Controllers\Banco))
#7 C:\xampp\htdocs\Ej4\system\CodeIgniter.php(326): CodeIgniter\CodeIgniter->handleRequest(NULL, Object(Config\Cache), false)
#8 C:\xampp\htdocs\Ej4\index.php(37): CodeIgniter\CodeIgniter->run()
#9 {main}
CRITICAL - 2022-10-26 20:40:45 --> Array to string conversion
#0 C:\xampp\htdocs\Ej4\app\Views\VistasComunidadBancaria\adminModificarBanco.php(57): CodeIgniter\Debug\Exceptions->errorHandler(2, 'Array to string...', 'C:\\xampp\\htdocs...', 57)
#1 C:\xampp\htdocs\Ej4\system\View\View.php(210): include('C:\\xampp\\htdocs...')
#2 C:\xampp\htdocs\Ej4\system\View\View.php(213): CodeIgniter\View\View->CodeIgniter\View\{closure}()
#3 C:\xampp\htdocs\Ej4\system\Common.php(1089): CodeIgniter\View\View->render('VistasComunidad...', Array, true)
#4 C:\xampp\htdocs\Ej4\app\Controllers\Banco.php(139): view('VistasComunidad...', Array)
#5 C:\xampp\htdocs\Ej4\system\CodeIgniter.php(832): App\Controllers\Banco->indexModifica()
#6 C:\xampp\htdocs\Ej4\system\CodeIgniter.php(419): CodeIgniter\CodeIgniter->runController(Object(App\Controllers\Banco))
#7 C:\xampp\htdocs\Ej4\system\CodeIgniter.php(326): CodeIgniter\CodeIgniter->handleRequest(NULL, Object(Config\Cache), false)
#8 C:\xampp\htdocs\Ej4\index.php(37): CodeIgniter\CodeIgniter->run()
#9 {main}
CRITICAL - 2022-10-26 20:44:57 --> Array to string conversion
#0 C:\xampp\htdocs\Ej4\app\Views\VistasComunidadBancaria\adminModificarBanco.php(57): CodeIgniter\Debug\Exceptions->errorHandler(2, 'Array to string...', 'C:\\xampp\\htdocs...', 57)
#1 C:\xampp\htdocs\Ej4\system\View\View.php(210): include('C:\\xampp\\htdocs...')
#2 C:\xampp\htdocs\Ej4\system\View\View.php(213): CodeIgniter\View\View->CodeIgniter\View\{closure}()
#3 C:\xampp\htdocs\Ej4\system\Common.php(1089): CodeIgniter\View\View->render('VistasComunidad...', Array, true)
#4 C:\xampp\htdocs\Ej4\app\Controllers\Banco.php(137): view('VistasComunidad...', Array)
#5 C:\xampp\htdocs\Ej4\system\CodeIgniter.php(832): App\Controllers\Banco->indexModifica()
#6 C:\xampp\htdocs\Ej4\system\CodeIgniter.php(419): CodeIgniter\CodeIgniter->runController(Object(App\Controllers\Banco))
#7 C:\xampp\htdocs\Ej4\system\CodeIgniter.php(326): CodeIgniter\CodeIgniter->handleRequest(NULL, Object(Config\Cache), false)
#8 C:\xampp\htdocs\Ej4\index.php(37): CodeIgniter\CodeIgniter->run()
#9 {main}
CRITICAL - 2022-10-26 20:45:50 --> Array to string conversion
#0 C:\xampp\htdocs\Ej4\app\Views\VistasComunidadBancaria\adminModificarBanco.php(57): CodeIgniter\Debug\Exceptions->errorHandler(2, 'Array to string...', 'C:\\xampp\\htdocs...', 57)
#1 C:\xampp\htdocs\Ej4\system\View\View.php(210): include('C:\\xampp\\htdocs...')
#2 C:\xampp\htdocs\Ej4\system\View\View.php(213): CodeIgniter\View\View->CodeIgniter\View\{closure}()
#3 C:\xampp\htdocs\Ej4\system\Common.php(1089): CodeIgniter\View\View->render('VistasComunidad...', Array, true)
#4 C:\xampp\htdocs\Ej4\app\Controllers\Banco.php(138): view('VistasComunidad...', Array)
#5 C:\xampp\htdocs\Ej4\system\CodeIgniter.php(832): App\Controllers\Banco->indexModifica()
#6 C:\xampp\htdocs\Ej4\system\CodeIgniter.php(419): CodeIgniter\CodeIgniter->runController(Object(App\Controllers\Banco))
#7 C:\xampp\htdocs\Ej4\system\CodeIgniter.php(326): CodeIgniter\CodeIgniter->handleRequest(NULL, Object(Config\Cache), false)
#8 C:\xampp\htdocs\Ej4\index.php(37): CodeIgniter\CodeIgniter->run()
#9 {main}
CRITICAL - 2022-10-26 20:45:57 --> Array to string conversion
#0 C:\xampp\htdocs\Ej4\app\Views\VistasComunidadBancaria\adminModificarBanco.php(57): CodeIgniter\Debug\Exceptions->errorHandler(2, 'Array to string...', 'C:\\xampp\\htdocs...', 57)
#1 C:\xampp\htdocs\Ej4\system\View\View.php(210): include('C:\\xampp\\htdocs...')
#2 C:\xampp\htdocs\Ej4\system\View\View.php(213): CodeIgniter\View\View->CodeIgniter\View\{closure}()
#3 C:\xampp\htdocs\Ej4\system\Common.php(1089): CodeIgniter\View\View->render('VistasComunidad...', Array, true)
#4 C:\xampp\htdocs\Ej4\app\Controllers\Banco.php(138): view('VistasComunidad...', Array)
#5 C:\xampp\htdocs\Ej4\system\CodeIgniter.php(832): App\Controllers\Banco->indexModifica()
#6 C:\xampp\htdocs\Ej4\system\CodeIgniter.php(419): CodeIgniter\CodeIgniter->runController(Object(App\Controllers\Banco))
#7 C:\xampp\htdocs\Ej4\system\CodeIgniter.php(326): CodeIgniter\CodeIgniter->handleRequest(NULL, Object(Config\Cache), false)
#8 C:\xampp\htdocs\Ej4\index.php(37): CodeIgniter\CodeIgniter->run()
#9 {main}
CRITICAL - 2022-10-26 20:46:40 --> Array to string conversion
#0 C:\xampp\htdocs\Ej4\app\Views\VistasComunidadBancaria\adminModificarBanco.php(57): CodeIgniter\Debug\Exceptions->errorHandler(2, 'Array to string...', 'C:\\xampp\\htdocs...', 57)
#1 C:\xampp\htdocs\Ej4\system\View\View.php(210): include('C:\\xampp\\htdocs...')
#2 C:\xampp\htdocs\Ej4\system\View\View.php(213): CodeIgniter\View\View->CodeIgniter\View\{closure}()
#3 C:\xampp\htdocs\Ej4\system\Common.php(1089): CodeIgniter\View\View->render('VistasComunidad...', Array, true)
#4 C:\xampp\htdocs\Ej4\app\Controllers\Banco.php(138): view('VistasComunidad...', Array)
#5 C:\xampp\htdocs\Ej4\system\CodeIgniter.php(832): App\Controllers\Banco->indexModifica()
#6 C:\xampp\htdocs\Ej4\system\CodeIgniter.php(419): CodeIgniter\CodeIgniter->runController(Object(App\Controllers\Banco))
#7 C:\xampp\htdocs\Ej4\system\CodeIgniter.php(326): CodeIgniter\CodeIgniter->handleRequest(NULL, Object(Config\Cache), false)
#8 C:\xampp\htdocs\Ej4\index.php(37): CodeIgniter\CodeIgniter->run()
#9 {main}
CRITICAL - 2022-10-26 21:29:32 --> Array to string conversion
#0 C:\xampp\htdocs\Ej4\app\Controllers\Banco.php(136): CodeIgniter\Debug\Exceptions->errorHandler(2, 'Array to string...', 'C:\\xampp\\htdocs...', 136)
#1 C:\xampp\htdocs\Ej4\system\CodeIgniter.php(832): App\Controllers\Banco->indexModifica()
#2 C:\xampp\htdocs\Ej4\system\CodeIgniter.php(419): CodeIgniter\CodeIgniter->runController(Object(App\Controllers\Banco))
#3 C:\xampp\htdocs\Ej4\system\CodeIgniter.php(326): CodeIgniter\CodeIgniter->handleRequest(NULL, Object(Config\Cache), false)
#4 C:\xampp\htdocs\Ej4\index.php(37): CodeIgniter\CodeIgniter->run()
#5 {main}
CRITICAL - 2022-10-26 22:57:39 --> Array to string conversion
#0 C:\xampp\htdocs\Ej4\app\Views\VistasComunidadBancaria\adminModificarBanco.php(71): CodeIgniter\Debug\Exceptions->errorHandler(2, 'Array to string...', 'C:\\xampp\\htdocs...', 71)
#1 C:\xampp\htdocs\Ej4\system\View\View.php(210): include('C:\\xampp\\htdocs...')
#2 C:\xampp\htdocs\Ej4\system\View\View.php(213): CodeIgniter\View\View->CodeIgniter\View\{closure}()
#3 C:\xampp\htdocs\Ej4\system\Common.php(1089): CodeIgniter\View\View->render('VistasComunidad...', Array, true)
#4 C:\xampp\htdocs\Ej4\app\Controllers\Banco.php(136): view('VistasComunidad...', Array)
#5 C:\xampp\htdocs\Ej4\system\CodeIgniter.php(832): App\Controllers\Banco->indexModifica()
#6 C:\xampp\htdocs\Ej4\system\CodeIgniter.php(419): CodeIgniter\CodeIgniter->runController(Object(App\Controllers\Banco))
#7 C:\xampp\htdocs\Ej4\system\CodeIgniter.php(326): CodeIgniter\CodeIgniter->handleRequest(NULL, Object(Config\Cache), false)
#8 C:\xampp\htdocs\Ej4\index.php(37): CodeIgniter\CodeIgniter->run()
#9 {main}
CRITICAL - 2022-10-26 22:58:02 --> Array to string conversion
#0 C:\xampp\htdocs\Ej4\app\Views\VistasComunidadBancaria\adminModificarBanco.php(71): CodeIgniter\Debug\Exceptions->errorHandler(2, 'Array to string...', 'C:\\xampp\\htdocs...', 71)
#1 C:\xampp\htdocs\Ej4\system\View\View.php(210): include('C:\\xampp\\htdocs...')
#2 C:\xampp\htdocs\Ej4\system\View\View.php(213): CodeIgniter\View\View->CodeIgniter\View\{closure}()
#3 C:\xampp\htdocs\Ej4\system\Common.php(1089): CodeIgniter\View\View->render('VistasComunidad...', Array, true)
#4 C:\xampp\htdocs\Ej4\app\Controllers\Banco.php(136): view('VistasComunidad...', Array)
#5 C:\xampp\htdocs\Ej4\system\CodeIgniter.php(832): App\Controllers\Banco->indexModifica()
#6 C:\xampp\htdocs\Ej4\system\CodeIgniter.php(419): CodeIgniter\CodeIgniter->runController(Object(App\Controllers\Banco))
#7 C:\xampp\htdocs\Ej4\system\CodeIgniter.php(326): CodeIgniter\CodeIgniter->handleRequest(NULL, Object(Config\Cache), false)
#8 C:\xampp\htdocs\Ej4\index.php(37): CodeIgniter\CodeIgniter->run()
#9 {main}
CRITICAL - 2022-10-26 22:58:12 --> Array to string conversion
#0 C:\xampp\htdocs\Ej4\app\Views\VistasComunidadBancaria\adminModificarBanco.php(71): CodeIgniter\Debug\Exceptions->errorHandler(2, 'Array to string...', 'C:\\xampp\\htdocs...', 71)
#1 C:\xampp\htdocs\Ej4\system\View\View.php(210): include('C:\\xampp\\htdocs...')
#2 C:\xampp\htdocs\Ej4\system\View\View.php(213): CodeIgniter\View\View->CodeIgniter\View\{closure}()
#3 C:\xampp\htdocs\Ej4\system\Common.php(1089): CodeIgniter\View\View->render('VistasComunidad...', Array, true)
#4 C:\xampp\htdocs\Ej4\app\Controllers\Banco.php(136): view('VistasComunidad...', Array)
#5 C:\xampp\htdocs\Ej4\system\CodeIgniter.php(832): App\Controllers\Banco->indexModifica()
#6 C:\xampp\htdocs\Ej4\system\CodeIgniter.php(419): CodeIgniter\CodeIgniter->runController(Object(App\Controllers\Banco))
#7 C:\xampp\htdocs\Ej4\system\CodeIgniter.php(326): CodeIgniter\CodeIgniter->handleRequest(NULL, Object(Config\Cache), false)
#8 C:\xampp\htdocs\Ej4\index.php(37): CodeIgniter\CodeIgniter->run()
#9 {main}
CRITICAL - 2022-10-26 23:38:54 --> Call to a member function getResultArray() on bool
#0 C:\xampp\htdocs\Ej4\app\Controllers\Banco.php(167): App\Models\BancoModel->modificarBanco('', '5', 'San Martin 124')
#1 C:\xampp\htdocs\Ej4\system\CodeIgniter.php(832): App\Controllers\Banco->modificaBanco()
#2 C:\xampp\htdocs\Ej4\system\CodeIgniter.php(419): CodeIgniter\CodeIgniter->runController(Object(App\Controllers\Banco))
#3 C:\xampp\htdocs\Ej4\system\CodeIgniter.php(326): CodeIgniter\CodeIgniter->handleRequest(NULL, Object(Config\Cache), false)
#4 C:\xampp\htdocs\Ej4\index.php(37): CodeIgniter\CodeIgniter->run()
#5 {main}
CRITICAL - 2022-10-26 23:40:33 --> Undefined variable $cliente
#0 C:\xampp\htdocs\Ej4\app\Views\VistasComunidadBancaria\adminModificarCliente.php(72): CodeIgniter\Debug\Exceptions->errorHandler(2, 'Undefined varia...', 'C:\\xampp\\htdocs...', 72)
#1 C:\xampp\htdocs\Ej4\system\View\View.php(210): include('C:\\xampp\\htdocs...')
#2 C:\xampp\htdocs\Ej4\system\View\View.php(213): CodeIgniter\View\View->CodeIgniter\View\{closure}()
#3 C:\xampp\htdocs\Ej4\system\Common.php(1089): CodeIgniter\View\View->render('VistasComunidad...', Array, true)
#4 C:\xampp\htdocs\Ej4\app\Controllers\Banco.php(173): view('VistasComunidad...', Array)
#5 C:\xampp\htdocs\Ej4\system\CodeIgniter.php(832): App\Controllers\Banco->modificaBanco()
#6 C:\xampp\htdocs\Ej4\system\CodeIgniter.php(419): CodeIgniter\CodeIgniter->runController(Object(App\Controllers\Banco))
#7 C:\xampp\htdocs\Ej4\system\CodeIgniter.php(326): CodeIgniter\CodeIgniter->handleRequest(NULL, Object(Config\Cache), false)
#8 C:\xampp\htdocs\Ej4\index.php(37): CodeIgniter\CodeIgniter->run()
#9 {main}
CRITICAL - 2022-10-26 23:41:42 --> Undefined variable $confirmacionBanco
#0 C:\xampp\htdocs\Ej4\app\Views\VistasComunidadBancaria\adminModificarBanco.php(81): CodeIgniter\Debug\Exceptions->errorHandler(2, 'Undefined varia...', 'C:\\xampp\\htdocs...', 81)
#1 C:\xampp\htdocs\Ej4\system\View\View.php(210): include('C:\\xampp\\htdocs...')
#2 C:\xampp\htdocs\Ej4\system\View\View.php(213): CodeIgniter\View\View->CodeIgniter\View\{closure}()
#3 C:\xampp\htdocs\Ej4\system\Common.php(1089): CodeIgniter\View\View->render('VistasComunidad...', Array, true)
#4 C:\xampp\htdocs\Ej4\app\Controllers\Banco.php(173): view('VistasComunidad...', Array)
#5 C:\xampp\htdocs\Ej4\system\CodeIgniter.php(832): App\Controllers\Banco->modificaBanco()
#6 C:\xampp\htdocs\Ej4\system\CodeIgniter.php(419): CodeIgniter\CodeIgniter->runController(Object(App\Controllers\Banco))
#7 C:\xampp\htdocs\Ej4\system\CodeIgniter.php(326): CodeIgniter\CodeIgniter->handleRequest(NULL, Object(Config\Cache), false)
#8 C:\xampp\htdocs\Ej4\index.php(37): CodeIgniter\CodeIgniter->run()
#9 {main}
